Downloading https://services.gradle.org/distributions/gradle-8.13-bin.zip
..................................................................................................................................
Unzipping /home/runner/.gradle/wrapper/dists/gradle-8.13-bin/5xuhj0ry160q40clulazy9h7d/gradle-8.13-bin.zip to /home/runner/.gradle/wrapper/dists/gradle-8.13-bin/5xuhj0ry160q40clulazy9h7d
Set executable permissions for: /home/runner/.gradle/wrapper/dists/gradle-8.13-bin/5xuhj0ry160q40clulazy9h7d/gradle-8.13/bin/gradle

Welcome to Gradle 8.13!

Here are the highlights of this release:
 - Daemon JVM auto-provisioning
 - Enhancements for Scala plugin and JUnit testing
 - Improvements for build authors and plugin developers

For more details see https://docs.gradle.org/8.13/release-notes.html

Starting a Gradle Daemon (subsequent builds will be faster)
> Task :app:preBuild UP-TO-DATE
> Task :app:preReleaseBuild UP-TO-DATE
> Task :app:mergeReleaseJniLibFolders
> Task :app:mergeReleaseNativeLibs NO-SOURCE
> Task :app:stripReleaseDebugSymbols NO-SOURCE
> Task :app:extractReleaseNativeSymbolTables NO-SOURCE
> Task :app:mergeReleaseNativeDebugMetadata NO-SOURCE
> Task :app:checkReleaseDuplicateClasses
> Task :app:javaPreCompileRelease
> Task :app:checkReleaseAarMetadata
> Task :app:processReleaseNavigationResources
> Task :app:generateReleaseResValues
> Task :app:compileReleaseNavigationResources
> Task :app:mapReleaseSourceSetPaths
> Task :app:generateReleaseResources
> Task :app:packageReleaseResources
> Task :app:mergeReleaseResources
> Task :app:createReleaseCompatibleScreenManifests
> Task :app:extractDeepLinksRelease
> Task :app:parseReleaseLocalResources

> Task :app:processReleaseMainManifest
package="com.myapp.tubeedit" found in source AndroidManifest.xml: /home/runner/work/tube-edit/tube-edit/app/src/main/AndroidManifest.xml.
Setting the namespace via the package attribute in the source AndroidManifest.xml is no longer supported, and the value is ignored.
Recommendation: remove package="com.myapp.tubeedit" from the source AndroidManifest.xml: /home/runner/work/tube-edit/tube-edit/app/src/main/AndroidManifest.xml.

> Task :app:processReleaseManifest
> Task :app:mergeReleaseArtProfile
> Task :app:extractProguardFiles
> Task :app:processReleaseJavaRes NO-SOURCE
> Task :app:mergeReleaseStartupProfile
> Task :app:processReleaseManifestForPackage
> Task :app:mergeReleaseShaders
> Task :app:compileReleaseShaders NO-SOURCE
> Task :app:generateReleaseAssets UP-TO-DATE
> Task :app:mergeReleaseAssets
> Task :app:compressReleaseAssets
> Task :app:extractReleaseVersionControlInfo
> Task :app:mergeReleaseJavaResource
> Task :app:collectReleaseDependencies
> Task :app:sdkReleaseDependencyData
> Task :app:writeReleaseAppMetadata
> Task :app:processReleaseResources
> Task :app:writeReleaseSigningConfigVersions

> Task :app:compileReleaseJavaWithJavac
Java compiler version 21 has deprecated support for compiling with source/target version 8.
Try one of the following options:
    1. [Recommended] Use Java toolchain with a lower language version
    2. Set a higher source/target version
    3. Use a lower version of the JDK running the build (if you're not using Java toolchain)
For more details on how to configure these settings, see https://developer.android.com/build/jdks.
To suppress this warning, set android.javaCompile.suppressSourceTargetDeprecationWarning=true in gradle.properties.
warning: [options] source value 8 is obsolete and will be removed in a future release
warning: [options] target value 8 is obsolete and will be removed in a future release
warning: [options] To suppress warnings about obsolete options, use -Xlint:-options.
Note: Some input files use or override a deprecated API.
Note: Recompile with -Xlint:deprecation for details.
3 warnings

> Task :app:expandReleaseArtProfileWildcards
> Task :app:mergeReleaseGeneratedProguardFiles
> Task :app:generateReleaseLintVitalReportModel

> Task :app:minifyReleaseWithR8 FAILED
ERROR: Missing classes detected while running R8. Please add the missing classes or apply additional keep rules that are generated in /home/runner/work/tube-edit/tube-edit/app/build/outputs/mapping/release/missing_rules.txt.
ERROR: R8: Missing class com.google.api.client.http.GenericUrl (referenced from: java.lang.String com.google.crypto.tink.util.KeysDownloader.fetchAndCacheData())
Missing class com.google.api.client.http.HttpHeaders (referenced from: java.lang.String com.google.crypto.tink.util.KeysDownloader.fetchAndCacheData() and 1 other context)
Missing class com.google.api.client.http.HttpRequest (referenced from: java.lang.String com.google.crypto.tink.util.KeysDownloader.fetchAndCacheData())
Missing class com.google.api.client.http.HttpRequestFactory (referenced from: java.lang.String com.google.crypto.tink.util.KeysDownloader.fetchAndCacheData())
Missing class com.google.api.client.http.HttpResponse (referenced from: java.lang.String com.google.crypto.tink.util.KeysDownloader.fetchAndCacheData())
Missing class com.google.api.client.http.HttpTransport (referenced from: com.google.api.client.http.HttpTransport com.google.crypto.tink.util.KeysDownloader$Builder.httpTransport and 6 other contexts)
Missing class com.google.api.client.http.javanet.NetHttpTransport$Builder (referenced from: void com.google.crypto.tink.util.KeysDownloader.<clinit>())
Missing class com.google.api.client.http.javanet.NetHttpTransport (referenced from: com.google.api.client.http.javanet.NetHttpTransport com.google.crypto.tink.util.KeysDownloader.DEFAULT_HTTP_TRANSPORT and 3 other contexts)
Missing class org.joda.time.Instant (referenced from: long com.google.crypto.tink.util.KeysDownloader.getCurrentTimeInMillis())

> Task :app:lintVitalAnalyzeRelease

[Incubating] Problems report is available at: file:///home/runner/work/tube-edit/tube-edit/build/reports/problems/problems-report.html

FAILURE: Build failed with an exception.

* What went wrong:
Execution failed for task ':app:minifyReleaseWithR8'.
> A failure occurred while executing com.android.build.gradle.internal.tasks.R8Task$R8Runnable
   > Compilation failed to complete

* Try:
> Run with --info or --debug option to get more log output.
> Run with --scan to get full insights.
> Get more help at https://help.gradle.org.

* Exception is:
org.gradle.api.tasks.TaskExecutionException: Execution failed for task ':app:minifyReleaseWithR8'.
	at org.gradle.api.internal.tasks.execution.ExecuteActionsTaskExecuter.lambda$executeIfValid$1(ExecuteActionsTaskExecuter.java:130)
	at org.gradle.internal.Try$Failure.ifSuccessfulOrElse(Try.java:293)
	at org.gradle.api.internal.tasks.execution.ExecuteActionsTaskExecuter.executeIfValid(ExecuteActionsTaskExecuter.java:128)
	at org.gradle.api.internal.tasks.execution.ExecuteActionsTaskExecuter.execute(ExecuteActionsTaskExecuter.java:116)
	at org.gradle.api.internal.tasks.execution.ProblemsTaskPathTrackingTaskExecuter.execute(ProblemsTaskPathTrackingTaskExecuter.java:40)
	at org.gradle.api.internal.tasks.execution.FinalizePropertiesTaskExecuter.execute(FinalizePropertiesTaskExecuter.java:46)
	at org.gradle.api.internal.tasks.execution.ResolveTaskExecutionModeExecuter.execute(ResolveTaskExecutionModeExecuter.java:51)
	at org.gradle.api.internal.tasks.execution.SkipTaskWithNoActionsExecuter.execute(SkipTaskWithNoActionsExecuter.java:57)
	at org.gradle.api.internal.tasks.execution.SkipOnlyIfTaskExecuter.execute(SkipOnlyIfTaskExecuter.java:74)
	at org.gradle.api.internal.tasks.execution.CatchExceptionTaskExecuter.execute(CatchExceptionTaskExecuter.java:36)
	at org.gradle.api.internal.tasks.execution.EventFiringTaskExecuter$1.executeTask(EventFiringTaskExecuter.java:77)
	at org.gradle.api.internal.tasks.execution.EventFiringTaskExecuter$1.call(EventFiringTaskExecuter.java:55)
	at org.gradle.api.internal.tasks.execution.EventFiringTaskExecuter$1.call(EventFiringTaskExecuter.java:52)
	at org.gradle.internal.operations.DefaultBuildOperationRunner$CallableBuildOperationWorker.execute(DefaultBuildOperationRunner.java:210)
	at org.gradle.internal.operations.DefaultBuildOperationRunner$CallableBuildOperationWorker.execute(DefaultBuildOperationRunner.java:205)
	at org.gradle.internal.operations.DefaultBuildOperationRunner$2.execute(DefaultBuildOperationRunner.java:67)
	at org.gradle.internal.operations.DefaultBuildOperationRunner$2.execute(DefaultBuildOperationRunner.java:60)
	at org.gradle.internal.operations.DefaultBuildOperationRunner.execute(DefaultBuildOperationRunner.java:167)
	at org.gradle.internal.operations.DefaultBuildOperationRunner.execute(DefaultBuildOperationRunner.java:60)
	at org.gradle.internal.operations.DefaultBuildOperationRunner.call(DefaultBuildOperationRunner.java:54)
	at org.gradle.api.internal.tasks.execution.EventFiringTaskExecuter.execute(EventFiringTaskExecuter.java:52)
	at org.gradle.execution.plan.LocalTaskNodeExecutor.execute(LocalTaskNodeExecutor.java:42)
	at org.gradle.execution.taskgraph.DefaultTaskExecutionGraph$InvokeNodeExecutorsAction.execute(DefaultTaskExecutionGraph.java:331)
	at org.gradle.execution.taskgraph.DefaultTaskExecutionGraph$InvokeNodeExecutorsAction.execute(DefaultTaskExecutionGraph.java:318)
	at org.gradle.execution.taskgraph.DefaultTaskExecutionGraph$BuildOperationAwareExecutionAction.lambda$execute$0(DefaultTaskExecutionGraph.java:314)
	at org.gradle.internal.operations.CurrentBuildOperationRef.with(CurrentBuildOperationRef.java:85)
	at org.gradle.execution.taskgraph.DefaultTaskExecutionGraph$BuildOperationAwareExecutionAction.execute(DefaultTaskExecutionGraph.java:314)
	at org.gradle.execution.taskgraph.DefaultTaskExecutionGraph$BuildOperationAwareExecutionAction.execute(DefaultTaskExecutionGraph.java:303)
	at org.gradle.execution.plan.DefaultPlanExecutor$ExecutorWorker.execute(DefaultPlanExecutor.java:459)
	at org.gradle.execution.plan.DefaultPlanExecutor$ExecutorWorker.run(DefaultPlanExecutor.java:376)
	at org.gradle.internal.concurrent.ExecutorPolicy$CatchAndRecordFailures.onExecute(ExecutorPolicy.java:64)
	at org.gradle.internal.concurrent.AbstractManagedExecutor$1.run(AbstractManagedExecutor.java:48)
Caused by: org.gradle.workers.internal.DefaultWorkerExecutor$WorkExecutionException: A failure occurred while executing com.android.build.gradle.internal.tasks.R8Task$R8Runnable
	at org.gradle.workers.internal.DefaultWorkerExecutor$WorkItemExecution.waitForCompletion(DefaultWorkerExecutor.java:287)
	at org.gradle.internal.work.DefaultAsyncWorkTracker.lambda$waitForItemsAndGatherFailures$2(DefaultAsyncWorkTracker.java:130)
	at org.gradle.internal.Factories$1.create(Factories.java:31)
	at org.gradle.internal.work.DefaultWorkerLeaseService.withoutLocks(DefaultWorkerLeaseService.java:335)
	at org.gradle.internal.work.DefaultWorkerLeaseService.withoutLocks(DefaultWorkerLeaseService.java:318)
	at org.gradle.internal.work.DefaultWorkerLeaseService.withoutLock(DefaultWorkerLeaseService.java:323)
	at org.gradle.internal.work.DefaultAsyncWorkTracker.waitForItemsAndGatherFailures(DefaultAsyncWorkTracker.java:126)
	at org.gradle.internal.work.DefaultAsyncWorkTracker.waitForItemsAndGatherFailures(DefaultAsyncWorkTracker.java:92)
	at org.gradle.internal.work.DefaultAsyncWorkTracker.waitForAll(DefaultAsyncWorkTracker.java:78)
	at org.gradle.internal.work.DefaultAsyncWorkTracker.waitForCompletion(DefaultAsyncWorkTracker.java:66)
	at org.gradle.api.internal.tasks.execution.TaskExecution$3.run(TaskExecution.java:252)
	at org.gradle.internal.operations.DefaultBuildOperationRunner$1.execute(DefaultBuildOperationRunner.java:30)
	at org.gradle.internal.operations.DefaultBuildOperationRunner$1.execute(DefaultBuildOperationRunner.java:27)
	at org.gradle.internal.operations.DefaultBuildOperationRunner$2.execute(DefaultBuildOperationRunner.java:67)
	at org.gradle.internal.operations.DefaultBuildOperationRunner$2.execute(DefaultBuildOperationRunner.java:60)
	at org.gradle.internal.operations.DefaultBuildOperationRunner.execute(DefaultBuildOperationRunner.java:167)
	at org.gradle.internal.operations.DefaultBuildOperationRunner.execute(DefaultBuildOperationRunner.java:60)
	at org.gradle.internal.operations.DefaultBuildOperationRunner.run(DefaultBuildOperationRunner.java:48)
	at org.gradle.api.internal.tasks.execution.TaskExecution.executeAction(TaskExecution.java:229)
	at org.gradle.api.internal.tasks.execution.TaskExecution.executeActions(TaskExecution.java:212)
	at org.gradle.api.internal.tasks.execution.TaskExecution.executeWithPreviousOutputFiles(TaskExecution.java:195)
	at org.gradle.api.internal.tasks.execution.TaskExecution.execute(TaskExecution.java:162)
	at org.gradle.internal.execution.steps.ExecuteStep.executeInternal(ExecuteStep.java:105)
	at org.gradle.internal.execution.steps.ExecuteStep.access$000(ExecuteStep.java:44)
	at org.gradle.internal.execution.steps.ExecuteStep$1.call(ExecuteStep.java:59)
	at org.gradle.internal.execution.steps.ExecuteStep$1.call(ExecuteStep.java:56)
	at org.gradle.internal.operations.DefaultBuildOperationRunner$CallableBuildOperationWorker.execute(DefaultBuildOperationRunner.java:210)
	at org.gradle.internal.operations.DefaultBuildOperationRunner$CallableBuildOperationWorker.execute(DefaultBuildOperationRunner.java:205)
	at org.gradle.internal.operations.DefaultBuildOperationRunner$2.execute(DefaultBuildOperationRunner.java:67)
	at org.gradle.internal.operations.DefaultBuildOperationRunner$2.execute(DefaultBuildOperationRunner.java:60)
	at org.gradle.internal.operations.DefaultBuildOperationRunner.execute(DefaultBuildOperationRunner.java:167)
	at org.gradle.internal.operations.DefaultBuildOperationRunner.execute(DefaultBuildOperationRunner.java:60)
	at org.gradle.internal.operations.DefaultBuildOperationRunner.call(DefaultBuildOperationRunner.java:54)
	at org.gradle.internal.execution.steps.ExecuteStep.execute(ExecuteStep.java:56)
	at org.gradle.internal.execution.steps.ExecuteStep.execute(ExecuteStep.java:44)
	at org.gradle.internal.execution.steps.CancelExecutionStep.execute(CancelExecutionStep.java:42)
	at org.gradle.internal.execution.steps.TimeoutStep.executeWithoutTimeout(TimeoutStep.java:75)
	at org.gradle.internal.execution.steps.TimeoutStep.execute(TimeoutStep.java:55)
	at org.gradle.internal.execution.steps.PreCreateOutputParentsStep.execute(PreCreateOutputParentsStep.java:50)
	at org.gradle.internal.execution.steps.PreCreateOutputParentsStep.execute(PreCreateOutputParentsStep.java:28)
	at org.gradle.internal.execution.steps.RemovePreviousOutputsStep.execute(RemovePreviousOutputsStep.java:67)
	at org.gradle.internal.execution.steps.RemovePreviousOutputsStep.execute(RemovePreviousOutputsStep.java:37)
	at org.gradle.internal.execution.steps.BroadcastChangingOutputsStep.execute(BroadcastChangingOutputsStep.java:61)
	at org.gradle.internal.execution.steps.BroadcastChangingOutputsStep.execute(BroadcastChangingOutputsStep.java:26)
	at org.gradle.internal.execution.steps.CaptureOutputsAfterExecutionStep.execute(CaptureOutputsAfterExecutionStep.java:69)
	at org.gradle.internal.execution.steps.CaptureOutputsAfterExecutionStep.execute(CaptureOutputsAfterExecutionStep.java:46)
	at org.gradle.internal.execution.steps.ResolveInputChangesStep.execute(ResolveInputChangesStep.java:40)
	at org.gradle.internal.execution.steps.ResolveInputChangesStep.execute(ResolveInputChangesStep.java:29)
	at org.gradle.internal.execution.steps.BuildCacheStep.executeWithoutCache(BuildCacheStep.java:189)
	at org.gradle.internal.execution.steps.BuildCacheStep.lambda$execute$1(BuildCacheStep.java:75)
	at org.gradle.internal.Either$Right.fold(Either.java:175)
	at org.gradle.internal.execution.caching.CachingState.fold(CachingState.java:62)
	at org.gradle.internal.execution.steps.BuildCacheStep.execute(BuildCacheStep.java:73)
	at org.gradle.internal.execution.steps.BuildCacheStep.execute(BuildCacheStep.java:48)
	at org.gradle.internal.execution.steps.StoreExecutionStateStep.execute(StoreExecutionStateStep.java:46)
	at org.gradle.internal.execution.steps.StoreExecutionStateStep.execute(StoreExecutionStateStep.java:35)
	at org.gradle.internal.execution.steps.SkipUpToDateStep.executeBecause(SkipUpToDateStep.java:75)
	at org.gradle.internal.execution.steps.SkipUpToDateStep.lambda$execute$2(SkipUpToDateStep.java:53)
	at org.gradle.internal.execution.steps.SkipUpToDateStep.execute(SkipUpToDateStep.java:53)
	at org.gradle.internal.execution.steps.SkipUpToDateStep.execute(SkipUpToDateStep.java:35)
	at org.gradle.internal.execution.steps.legacy.MarkSnapshottingInputsFinishedStep.execute(MarkSnapshottingInputsFinishedStep.java:37)
	at org.gradle.internal.execution.steps.legacy.MarkSnapshottingInputsFinishedStep.execute(MarkSnapshottingInputsFinishedStep.java:27)
	at org.gradle.internal.execution.steps.ResolveIncrementalCachingStateStep.executeDelegate(ResolveIncrementalCachingStateStep.java:49)
	at org.gradle.internal.execution.steps.ResolveIncrementalCachingStateStep.executeDelegate(ResolveIncrementalCachingStateStep.java:27)
	at org.gradle.internal.execution.steps.AbstractResolveCachingStateStep.execute(AbstractResolveCachingStateStep.java:71)
	at org.gradle.internal.execution.steps.AbstractResolveCachingStateStep.execute(AbstractResolveCachingStateStep.java:39)
	at org.gradle.internal.execution.steps.ResolveChangesStep.execute(ResolveChangesStep.java:65)
	at org.gradle.internal.execution.steps.ResolveChangesStep.execute(ResolveChangesStep.java:36)
	at org.gradle.internal.execution.steps.ValidateStep.execute(ValidateStep.java:107)
	at org.gradle.internal.execution.steps.ValidateStep.execute(ValidateStep.java:56)
	at org.gradle.internal.execution.steps.AbstractCaptureStateBeforeExecutionStep.execute(AbstractCaptureStateBeforeExecutionStep.java:64)
	at org.gradle.internal.execution.steps.AbstractCaptureStateBeforeExecutionStep.execute(AbstractCaptureStateBeforeExecutionStep.java:43)
	at org.gradle.internal.execution.steps.AbstractSkipEmptyWorkStep.executeWithNonEmptySources(AbstractSkipEmptyWorkStep.java:125)
	at org.gradle.internal.execution.steps.AbstractSkipEmptyWorkStep.execute(AbstractSkipEmptyWorkStep.java:56)
	at org.gradle.internal.execution.steps.AbstractSkipEmptyWorkStep.execute(AbstractSkipEmptyWorkStep.java:36)
	at org.gradle.internal.execution.steps.legacy.MarkSnapshottingInputsStartedStep.execute(MarkSnapshottingInputsStartedStep.java:38)
	at org.gradle.internal.execution.steps.LoadPreviousExecutionStateStep.execute(LoadPreviousExecutionStateStep.java:36)
	at org.gradle.internal.execution.steps.LoadPreviousExecutionStateStep.execute(LoadPreviousExecutionStateStep.java:23)
	at org.gradle.internal.execution.steps.HandleStaleOutputsStep.execute(HandleStaleOutputsStep.java:75)
	at org.gradle.internal.execution.steps.HandleStaleOutputsStep.execute(HandleStaleOutputsStep.java:41)
	at org.gradle.internal.execution.steps.AssignMutableWorkspaceStep.lambda$execute$0(AssignMutableWorkspaceStep.java:35)
	at org.gradle.api.internal.tasks.execution.TaskExecution$4.withWorkspace(TaskExecution.java:289)
	at org.gradle.internal.execution.steps.AssignMutableWorkspaceStep.execute(AssignMutableWorkspaceStep.java:31)
	at org.gradle.internal.execution.steps.AssignMutableWorkspaceStep.execute(AssignMutableWorkspaceStep.java:22)
	at org.gradle.internal.execution.steps.ChoosePipelineStep.execute(ChoosePipelineStep.java:40)
	at org.gradle.internal.execution.steps.ChoosePipelineStep.execute(ChoosePipelineStep.java:23)
	at org.gradle.internal.execution.steps.ExecuteWorkBuildOperationFiringStep.lambda$execute$2(ExecuteWorkBuildOperationFiringStep.java:67)
	at org.gradle.internal.execution.steps.ExecuteWorkBuildOperationFiringStep.execute(ExecuteWorkBuildOperationFiringStep.java:67)
	at org.gradle.internal.execution.steps.ExecuteWorkBuildOperationFiringStep.execute(ExecuteWorkBuildOperationFiringStep.java:39)
	at org.gradle.internal.execution.steps.IdentityCacheStep.execute(IdentityCacheStep.java:46)
	at org.gradle.internal.execution.steps.IdentityCacheStep.execute(IdentityCacheStep.java:34)
	at org.gradle.internal.execution.steps.IdentifyStep.execute(IdentifyStep.java:48)
	at org.gradle.internal.execution.steps.IdentifyStep.execute(IdentifyStep.java:35)
	at org.gradle.internal.execution.impl.DefaultExecutionEngine$1.execute(DefaultExecutionEngine.java:61)
	at org.gradle.api.internal.tasks.execution.ExecuteActionsTaskExecuter.executeIfValid(ExecuteActionsTaskExecuter.java:127)
	at org.gradle.api.internal.tasks.execution.ExecuteActionsTaskExecuter.execute(ExecuteActionsTaskExecuter.java:116)
	at org.gradle.api.internal.tasks.execution.ProblemsTaskPathTrackingTaskExecuter.execute(ProblemsTaskPathTrackingTaskExecuter.java:40)
	at org.gradle.api.internal.tasks.execution.FinalizePropertiesTaskExecuter.execute(FinalizePropertiesTaskExecuter.java:46)
	at org.gradle.api.internal.tasks.execution.ResolveTaskExecutionModeExecuter.execute(ResolveTaskExecutionModeExecuter.java:51)
	at org.gradle.api.internal.tasks.execution.SkipTaskWithNoActionsExecuter.execute(SkipTaskWithNoActionsExecuter.java:57)
	at org.gradle.api.internal.tasks.execution.SkipOnlyIfTaskExecuter.execute(SkipOnlyIfTaskExecuter.java:74)
	at org.gradle.api.internal.tasks.execution.CatchExceptionTaskExecuter.execute(CatchExceptionTaskExecuter.java:36)
	at org.gradle.api.internal.tasks.execution.EventFiringTaskExecuter$1.executeTask(EventFiringTaskExecuter.java:77)
	at org.gradle.api.internal.tasks.execution.EventFiringTaskExecuter$1.call(EventFiringTaskExecuter.java:55)
	at org.gradle.api.internal.tasks.execution.EventFiringTaskExecuter$1.call(EventFiringTaskExecuter.java:52)
	at org.gradle.internal.operations.DefaultBuildOperationRunner$CallableBuildOperationWorker.execute(DefaultBuildOperationRunner.java:210)
	at org.gradle.internal.operations.DefaultBuildOperationRunner$CallableBuildOperationWorker.execute(DefaultBuildOperationRunner.java:205)
	at org.gradle.internal.operations.DefaultBuildOperationRunner$2.execute(DefaultBuildOperationRunner.java:67)
	at org.gradle.internal.operations.DefaultBuildOperationRunner$2.execute(DefaultBuildOperationRunner.java:60)
	at org.gradle.internal.operations.DefaultBuildOperationRunner.execute(DefaultBuildOperationRunner.java:167)
	at org.gradle.internal.operations.DefaultBuildOperationRunner.execute(DefaultBuildOperationRunner.java:60)
	at org.gradle.internal.operations.DefaultBuildOperationRunner.call(DefaultBuildOperationRunner.java:54)
	at org.gradle.api.internal.tasks.execution.EventFiringTaskExecuter.execute(EventFiringTaskExecuter.java:52)
	at org.gradle.execution.plan.LocalTaskNodeExecutor.execute(LocalTaskNodeExecutor.java:42)
	at org.gradle.execution.taskgraph.DefaultTaskExecutionGraph$InvokeNodeExecutorsAction.execute(DefaultTaskExecutionGraph.java:331)
	at org.gradle.execution.taskgraph.DefaultTaskExecutionGraph$InvokeNodeExecutorsAction.execute(DefaultTaskExecutionGraph.java:318)
	at org.gradle.execution.taskgraph.DefaultTaskExecutionGraph$BuildOperationAwareExecutionAction.lambda$execute$0(DefaultTaskExecutionGraph.java:314)
	at org.gradle.internal.operations.CurrentBuildOperationRef.with(CurrentBuildOperationRef.java:85)
	at org.gradle.execution.taskgraph.DefaultTaskExecutionGraph$BuildOperationAwareExecutionAction.execute(DefaultTaskExecutionGraph.java:314)
	at org.gradle.execution.taskgraph.DefaultTaskExecutionGraph$BuildOperationAwareExecutionAction.execute(DefaultTaskExecutionGraph.java:303)
	at org.gradle.execution.plan.DefaultPlanExecutor$ExecutorWorker.execute(DefaultPlanExecutor.java:459)
	at org.gradle.execution.plan.DefaultPlanExecutor$ExecutorWorker.run(DefaultPlanExecutor.java:376)
	at org.gradle.internal.concurrent.ExecutorPolicy$CatchAndRecordFailures.onExecute(ExecutorPolicy.java:64)
	at org.gradle.internal.concurrent.AbstractManagedExecutor$1.run(AbstractManagedExecutor.java:48)
Caused by: com.android.tools.r8.CompilationFailedException: Compilation failed to complete
	at Version.fakeStackEntry(Version_8.13.6.java:0)
	at com.android.tools.r8.q0.a(R8_8.13.6_1c658b3b683138d620220f6965281391a8f410eddb02f3ff35a06caf88d6c59d:1)
	at com.android.tools.r8.internal.is0.a(R8_8.13.6_1c658b3b683138d620220f6965281391a8f410eddb02f3ff35a06caf88d6c59d:81)
	at com.android.tools.r8.internal.is0.a(R8_8.13.6_1c658b3b683138d620220f6965281391a8f410eddb02f3ff35a06caf88d6c59d:32)
	at com.android.tools.r8.internal.is0.a(R8_8.13.6_1c658b3b683138d620220f6965281391a8f410eddb02f3ff35a06caf88d6c59d:31)
	at com.android.tools.r8.R8.run(R8_8.13.6_1c658b3b683138d620220f6965281391a8f410eddb02f3ff35a06caf88d6c59d:8)
	at com.android.builder.dexing.R8Tool.runR8(r8Tool.kt:323)
	at com.android.build.gradle.internal.tasks.R8Task$Companion.shrink(R8Task.kt:893)
	at com.android.build.gradle.internal.tasks.R8Task$R8Runnable.execute(R8Task.kt:996)
	at org.gradle.workers.internal.DefaultWorkerServer.execute(DefaultWorkerServer.java:63)
	at org.gradle.workers.internal.NoIsolationWorkerFactory$1$1.create(NoIsolationWorkerFactory.java:66)
	at org.gradle.workers.internal.NoIsolationWorkerFactory$1$1.create(NoIsolationWorkerFactory.java:62)
	at org.gradle.internal.classloader.ClassLoaderUtils.executeInClassloader(ClassLoaderUtils.java:100)
	at org.gradle.workers.internal.NoIsolationWorkerFactory$1.lambda$execute$0(NoIsolationWorkerFactory.java:62)
	at org.gradle.workers.internal.AbstractWorker$1.call(AbstractWorker.java:44)
	at org.gradle.workers.internal.AbstractWorker$1.call(AbstractWorker.java:41)
	at org.gradle.internal.operations.DefaultBuildOperationRunner$CallableBuildOperationWorker.execute(DefaultBuildOperationRunner.java:210)
	at org.gradle.internal.operations.DefaultBuildOperationRunner$CallableBuildOperationWorker.execute(DefaultBuildOperationRunner.java:205)
	at org.gradle.internal.operations.DefaultBuildOperationRunner$2.execute(DefaultBuildOperationRunner.java:67)
	at org.gradle.internal.operations.DefaultBuildOperationRunner$2.execute(DefaultBuildOperationRunner.java:60)
	at org.gradle.internal.operations.DefaultBuildOperationRunner.execute(DefaultBuildOperationRunner.java:167)
	at org.gradle.internal.operations.DefaultBuildOperationRunner.execute(DefaultBuildOperationRunner.java:60)
	at org.gradle.internal.operations.DefaultBuildOperationRunner.call(DefaultBuildOperationRunner.java:54)
	at org.gradle.workers.internal.AbstractWorker.executeWrappedInBuildOperation(AbstractWorker.java:41)
	at org.gradle.workers.internal.NoIsolationWorkerFactory$1.execute(NoIsolationWorkerFactory.java:59)
	at org.gradle.workers.internal.DefaultWorkerExecutor.lambda$submitWork$0(DefaultWorkerExecutor.java:174)
	at org.gradle.internal.work.DefaultConditionalExecutionQueue$ExecutionRunner.runExecution(DefaultConditionalExecutionQueue.java:194)
	at org.gradle.internal.work.DefaultConditionalExecutionQueue$ExecutionRunner.access$700(DefaultConditionalExecutionQueue.java:127)
	at org.gradle.internal.work.DefaultConditionalExecutionQueue$ExecutionRunner$1.run(DefaultConditionalExecutionQueue.java:169)
	at org.gradle.internal.Factories$1.create(Factories.java:31)
	at org.gradle.internal.work.DefaultWorkerLeaseService.withLocks(DefaultWorkerLeaseService.java:263)
	at org.gradle.internal.work.DefaultWorkerLeaseService.runAsWorkerThread(DefaultWorkerLeaseService.java:127)
	at org.gradle.internal.work.DefaultWorkerLeaseService.runAsWorkerThread(DefaultWorkerLeaseService.java:132)
	at org.gradle.internal.work.DefaultConditionalExecutionQueue$ExecutionRunner.runBatch(DefaultConditionalExecutionQueue.java:164)
	at org.gradle.internal.work.DefaultConditionalExecutionQueue$ExecutionRunner.run(DefaultConditionalExecutionQueue.java:133)
	... 2 more
Caused by: com.android.tools.r8.internal.g: Missing class com.google.api.client.http.GenericUrl (referenced from: java.lang.String com.google.crypto.tink.util.KeysDownloader.fetchAndCacheData())
Missing class com.google.api.client.http.HttpHeaders (referenced from: java.lang.String com.google.crypto.tink.util.KeysDownloader.fetchAndCacheData() and 1 other context)
Missing class com.google.api.client.http.HttpRequest (referenced from: java.lang.String com.google.crypto.tink.util.KeysDownloader.fetchAndCacheData())
Missing class com.google.api.client.http.HttpRequestFactory (referenced from: java.lang.String com.google.crypto.tink.util.KeysDownloader.fetchAndCacheData())
Missing class com.google.api.client.http.HttpResponse (referenced from: java.lang.String com.google.crypto.tink.util.KeysDownloader.fetchAndCacheData())
Missing class com.google.api.client.http.HttpTransport (referenced from: com.google.api.client.http.HttpTransport com.google.crypto.tink.util.KeysDownloader$Builder.httpTransport and 6 other contexts)
Missing class com.google.api.client.http.javanet.NetHttpTransport$Builder (referenced from: void com.google.crypto.tink.util.KeysDownloader.<clinit>())
Missing class com.google.api.client.http.javanet.NetHttpTransport (referenced from: com.google.api.client.http.javanet.NetHttpTransport com.google.crypto.tink.util.KeysDownloader.DEFAULT_HTTP_TRANSPORT and 3 other contexts)
Missing class org.joda.time.Instant (referenced from: long com.google.crypto.tink.util.KeysDownloader.getCurrentTimeInMillis())
	at com.android.tools.r8.internal.ff3.a(R8_8.13.6_1c658b3b683138d620220f6965281391a8f410eddb02f3ff35a06caf88d6c59d:21)
	at com.android.tools.r8.internal.ff3.error(R8_8.13.6_1c658b3b683138d620220f6965281391a8f410eddb02f3ff35a06caf88d6c59d:1)
	at com.android.tools.r8.shaking.m0.a(R8_8.13.6_1c658b3b683138d620220f6965281391a8f410eddb02f3ff35a06caf88d6c59d:6863)
	at com.android.tools.r8.shaking.m0.a(R8_8.13.6_1c658b3b683138d620220f6965281391a8f410eddb02f3ff35a06caf88d6c59d:1683)
	at com.android.tools.r8.R8.a(R8_8.13.6_1c658b3b683138d620220f6965281391a8f410eddb02f3ff35a06caf88d6c59d:1629)
	at com.android.tools.r8.R8.a(R8_8.13.6_1c658b3b683138d620220f6965281391a8f410eddb02f3ff35a06caf88d6c59d:210)
	at com.android.tools.r8.R8.c(R8_8.13.6_1c658b3b683138d620220f6965281391a8f410eddb02f3ff35a06caf88d6c59d:11)
	at com.android.tools.r8.R8.a(R8_8.13.6_1c658b3b683138d620220f6965281391a8f410eddb02f3ff35a06caf88d6c59d:5)
	at com.android.tools.r8.internal.is0.a(R8_8.13.6_1c658b3b683138d620220f6965281391a8f410eddb02f3ff35a06caf88d6c59d:28)
	... 32 more
	Suppressed: java.lang.RuntimeException: com.android.tools.r8.internal.g: Missing class com.google.api.client.http.GenericUrl (referenced from: java.lang.String com.google.crypto.tink.util.KeysDownloader.fetchAndCacheData())
Missing class com.google.api.client.http.HttpHeaders (referenced from: java.lang.String com.google.crypto.tink.util.KeysDownloader.fetchAndCacheData() and 1 other context)
Missing class com.google.api.client.http.HttpRequest (referenced from: java.lang.String com.google.crypto.tink.util.KeysDownloader.fetchAndCacheData())
Missing class com.google.api.client.http.HttpRequestFactory (referenced from: java.lang.String com.google.crypto.tink.util.KeysDownloader.fetchAndCacheData())
Missing class com.google.api.client.http.HttpResponse (referenced from: java.lang.String com.google.crypto.tink.util.KeysDownloader.fetchAndCacheData())
Missing class com.google.api.client.http.HttpTransport (referenced from: com.google.api.client.http.HttpTransport com.google.crypto.tink.util.KeysDownloader$Builder.httpTransport and 6 other contexts)
Missing class com.google.api.client.http.javanet.NetHttpTransport$Builder (referenced from: void com.google.crypto.tink.util.KeysDownloader.<clinit>())
Missing class com.google.api.client.http.javanet.NetHttpTransport (referenced from: com.google.api.client.http.javanet.NetHttpTransport com.google.crypto.tink.util.KeysDownloader.DEFAULT_HTTP_TRANSPORT and 3 other contexts)
Missing class org.joda.time.Instant (referenced from: long com.google.crypto.tink.util.KeysDownloader.getCurrentTimeInMillis())
		at com.android.tools.r8.internal.ff3.a(R8_8.13.6_1c658b3b683138d620220f6965281391a8f410eddb02f3ff35a06caf88d6c59d:27)
		at com.android.tools.r8.shaking.m0.a(R8_8.13.6_1c658b3b683138d620220f6965281391a8f410eddb02f3ff35a06caf88d6c59d:6865)
		at com.android.tools.r8.shaking.m0.a(R8_8.13.6_1c658b3b683138d620220f6965281391a8f410eddb02f3ff35a06caf88d6c59d:1683)
		at com.android.tools.r8.R8.a(R8_8.13.6_1c658b3b683138d620220f6965281391a8f410eddb02f3ff35a06caf88d6c59d:1629)
		at com.android.tools.r8.R8.a(R8_8.13.6_1c658b3b683138d620220f6965281391a8f410eddb02f3ff35a06caf88d6c59d:210)
		at com.android.tools.r8.R8.c(R8_8.13.6_1c658b3b683138d620220f6965281391a8f410eddb02f3ff35a06caf88d6c59d:11)
		at com.android.tools.r8.R8.a(R8_8.13.6_1c658b3b683138d620220f6965281391a8f410eddb02f3ff35a06caf88d6c59d:5)
		at com.android.tools.r8.internal.is0.a(R8_8.13.6_1c658b3b683138d620220f6965281391a8f410eddb02f3ff35a06caf88d6c59d:28)
		at com.android.tools.r8.R8.run(R8_8.13.6_1c658b3b683138d620220f6965281391a8f410eddb02f3ff35a06caf88d6c59d:8)
		at com.android.builder.dexing.R8Tool.runR8(r8Tool.kt:323)
		at com.android.build.gradle.internal.tasks.R8Task$Companion.shrink(R8Task.kt:893)
		at com.android.build.gradle.internal.tasks.R8Task$R8Runnable.execute(R8Task.kt:996)
		at org.gradle.workers.internal.DefaultWorkerServer.execute(DefaultWorkerServer.java:63)
		at org.gradle.workers.internal.NoIsolationWorkerFactory$1$1.create(NoIsolationWorkerFactory.java:66)
		at org.gradle.workers.internal.NoIsolationWorkerFactory$1$1.create(NoIsolationWorkerFactory.java:62)
		at org.gradle.internal.classloader.ClassLoaderUtils.executeInClassloader(ClassLoaderUtils.java:100)
		at org.gradle.workers.internal.NoIsolationWorkerFactory$1.lambda$execute$0(NoIsolationWorkerFactory.java:62)
		at org.gradle.workers.internal.AbstractWorker$1.call(AbstractWorker.java:44)
		at org.gradle.workers.internal.AbstractWorker$1.call(AbstractWorker.java:41)
		at org.gradle.internal.operations.DefaultBuildOperationRunner$CallableBuildOperationWorker.execute(DefaultBuildOperationRunner.java:210)
		at org.gradle.internal.operations.DefaultBuildOperationRunner$CallableBuildOperationWorker.execute(DefaultBuildOperationRunner.java:205)
		at org.gradle.internal.operations.DefaultBuildOperationRunner$2.execute(DefaultBuildOperationRunner.java:67)
		at org.gradle.internal.operations.DefaultBuildOperationRunner$2.execute(DefaultBuildOperationRunner.java:60)
		at org.gradle.internal.operations.DefaultBuildOperationRunner.execute(DefaultBuildOperationRunner.java:167)
		at org.gradle.internal.operations.DefaultBuildOperationRunner.execute(DefaultBuildOperationRunner.java:60)
		at org.gradle.internal.operations.DefaultBuildOperationRunner.call(DefaultBuildOperationRunner.java:54)
		at org.gradle.workers.internal.AbstractWorker.executeWrappedInBuildOperation(AbstractWorker.java:41)
		at org.gradle.workers.internal.NoIsolationWorkerFactory$1.execute(NoIsolationWorkerFactory.java:59)
		at org.gradle.workers.internal.DefaultWorkerExecutor.lambda$submitWork$0(DefaultWorkerExecutor.java:174)
		at java.base/java.util.concurrent.FutureTask.run(FutureTask.java:317)
		at org.gradle.internal.work.DefaultConditionalExecutionQueue$ExecutionRunner.runExecution(DefaultConditionalExecutionQueue.java:194)
		at org.gradle.internal.work.DefaultConditionalExecutionQueue$ExecutionRunner.access$700(DefaultConditionalExecutionQueue.java:127)
		at org.gradle.internal.work.DefaultConditionalExecutionQueue$ExecutionRunner$1.run(DefaultConditionalExecutionQueue.java:169)
		at org.gradle.internal.Factories$1.create(Factories.java:31)
		at org.gradle.internal.work.DefaultWorkerLeaseService.withLocks(DefaultWorkerLeaseService.java:263)
		at org.gradle.internal.work.DefaultWorkerLeaseService.runAsWorkerThread(DefaultWorkerLeaseService.java:127)
		at org.gradle.internal.work.DefaultWorkerLeaseService.runAsWorkerThread(DefaultWorkerLeaseService.java:132)
		at org.gradle.internal.work.DefaultConditionalExecutionQueue$ExecutionRunner.runBatch(DefaultConditionalExecutionQueue.java:164)
		at org.gradle.internal.work.DefaultConditionalExecutionQueue$ExecutionRunner.run(DefaultConditionalExecutionQueue.java:133)
		at java.base/java.util.concurrent.Executors$RunnableAdapter.call(Executors.java:572)
		at java.base/java.util.concurrent.FutureTask.run(FutureTask.java:317)
		at org.gradle.internal.concurrent.ExecutorPolicy$CatchAndRecordFailures.onExecute(ExecutorPolicy.java:64)
		at org.gradle.internal.concurrent.AbstractManagedExecutor$1.run(AbstractManagedExecutor.java:48)
		at java.base/java.util.concurrent.ThreadPoolExecutor.runWorker(ThreadPoolExecutor.java:1144)
		at java.base/java.util.concurrent.ThreadPoolExecutor$Worker.run(ThreadPoolExecutor.java:642)
		at java.base/java.lang.Thread.run(Thread.java:1583)
	Caused by: [CIRCULAR REFERENCE: com.android.tools.r8.internal.g: Missing class com.google.api.client.http.GenericUrl (referenced from: java.lang.String com.google.crypto.tink.util.KeysDownloader.fetchAndCacheData())
Missing class com.google.api.client.http.HttpHeaders (referenced from: java.lang.String com.google.crypto.tink.util.KeysDownloader.fetchAndCacheData() and 1 other context)
Missing class com.google.api.client.http.HttpRequest (referenced from: java.lang.String com.google.crypto.tink.util.KeysDownloader.fetchAndCacheData())
Missing class com.google.api.client.http.HttpRequestFactory (referenced from: java.lang.String com.google.crypto.tink.util.KeysDownloader.fetchAndCacheData())
Missing class com.google.api.client.http.HttpResponse (referenced from: java.lang.String com.google.crypto.tink.util.KeysDownloader.fetchAndCacheData())
Missing class com.google.api.client.http.HttpTransport (referenced from: com.google.api.client.http.HttpTransport com.google.crypto.tink.util.KeysDownloader$Builder.httpTransport and 6 other contexts)
Missing class com.google.api.client.http.javanet.NetHttpTransport$Builder (referenced from: void com.google.crypto.tink.util.KeysDownloader.<clinit>())
Missing class com.google.api.client.http.javanet.NetHttpTransport (referenced from: com.google.api.client.http.javanet.NetHttpTransport com.google.crypto.tink.util.KeysDownloader.DEFAULT_HTTP_TRANSPORT and 3 other contexts)
Missing class org.joda.time.Instant (referenced from: long com.google.crypto.tink.util.KeysDownloader.getCurrentTimeInMillis())]


Deprecated Gradle features were used in this build, making it incompatible with Gradle 9.0.

You can use '--warning-mode all' to show the individual deprecation warnings and determine if they come from your own scripts or plugins.

For more on this, please refer to https://docs.gradle.org/8.13/userguide/command_line_interface.html#sec:command_line_warnings in the Gradle documentation.

BUILD FAILED in 49s
36 actionable tasks: 36 executed
